<?xml version="1.0" encoding="UTF-8"?>
<testng-results ignored="0" total="6" passed="6" failed="0" skipped="0">
  <reporter-output>
    <line>
      <![CDATA[Running TC 1 ]]>
    </line>
    <line>
      <![CDATA[Running TC 2 ]]>
    </line>
    <line>
      <![CDATA[Running TC 3 ]]>
    </line>
    <line>
      <![CDATA[Running TC 4 ]]>
    </line>
    <line>
      <![CDATA[Running TC 7]]>
    </line>
    <line>
      <![CDATA[Running TC 6 ]]>
    </line>
  </reporter-output>
  <suite started-at="2021-08-19T16:09:32 IST" name="Suite" finished-at="2021-08-19T16:09:32 IST" duration-ms="103">
    <groups>
    </groups>
    <test started-at="2021-08-19T16:09:32 IST" name="Test" finished-at="2021-08-19T16:09:32 IST" duration-ms="103">
      <class name="com.testng.suits.Sample3">
        <test-method signature="TC_5()[pri:0, instance:com.testng.suits.Sample3@51e5fc98]" started-at="2021-08-19T16:09:32 IST" name="TC_5" finished-at="2021-08-19T16:09:32 IST" duration-ms="2" status="PASS">
          <reporter-output>
            <line>
              <![CDATA[Running TC 7]]>
            </line>
          </reporter-output>
        </test-method> <!-- TC_5 -->
        <test-method signature="TC_6()[pri:0, instance:com.testng.suits.Sample3@51e5fc98]" started-at="2021-08-19T16:09:32 IST" name="TC_6" finished-at="2021-08-19T16:09:32 IST" duration-ms="1" status="PASS">
          <reporter-output>
            <line>
              <![CDATA[Running TC 6 ]]>
            </line>
          </reporter-output>
        </test-method> <!-- TC_6 -->
      </class> <!-- com.testng.suits.Sample3 -->
      <class name="com.testng.suits.Sample2">
        <test-method signature="TC_3()[pri:0, instance:com.testng.suits.Sample2@1ffe63b9]" started-at="2021-08-19T16:09:32 IST" name="TC_3" finished-at="2021-08-19T16:09:32 IST" duration-ms="3" status="PASS">
          <reporter-output>
            <line>
              <![CDATA[Running TC 3 ]]>
            </line>
          </reporter-output>
        </test-method> <!-- TC_3 -->
        <test-method signature="TC_4()[pri:0, instance:com.testng.suits.Sample2@1ffe63b9]" started-at="2021-08-19T16:09:32 IST" name="TC_4" finished-at="2021-08-19T16:09:32 IST" duration-ms="2" status="PASS">
          <reporter-output>
            <line>
              <![CDATA[Running TC 4 ]]>
            </line>
          </reporter-output>
        </test-method> <!-- TC_4 -->
      </class> <!-- com.testng.suits.Sample2 -->
      <class name="com.testng.suits.Sample1">
        <test-method signature="TC_1()[pri:0, instance:com.testng.suits.Sample1@63a65a25]" started-at="2021-08-19T16:09:32 IST" name="TC_1" finished-at="2021-08-19T16:09:32 IST" duration-ms="15" status="PASS">
          <reporter-output>
            <line>
              <![CDATA[Running TC 1 ]]>
            </line>
          </reporter-output>
        </test-method> <!-- TC_1 -->
        <test-method signature="TC_2()[pri:0, instance:com.testng.suits.Sample1@63a65a25]" started-at="2021-08-19T16:09:32 IST" name="TC_2" finished-at="2021-08-19T16:09:32 IST" duration-ms="3" status="PASS">
          <reporter-output>
            <line>
              <![CDATA[Running TC 2 ]]>
            </line>
          </reporter-output>
        </test-method> <!-- TC_2 -->
      </class> <!-- com.testng.suits.Sample1 -->
    </test> <!-- Test -->
  </suite> <!-- Suite -->
</testng-results>
