<?xml version="1.0" encoding="UTF-8"?>
<!-- Generated by org.testng.reporters.JUnitXMLReporter -->
<testsuite ignored="0" hostname="LAPTOP-MRABR3S0" failures="0" tests="6" name="Test" time="0.103" errors="0" timestamp="2021-08-19T16:09:32 IST">
  <testcase classname="com.testng.suits.Sample1" name="TC_1" time="0.015"/>
  <testcase classname="com.testng.suits.Sample1" name="TC_2" time="0.003"/>
  <testcase classname="com.testng.suits.Sample2" name="TC_3" time="0.003"/>
  <testcase classname="com.testng.suits.Sample2" name="TC_4" time="0.002"/>
  <testcase classname="com.testng.suits.Sample3" name="TC_5" time="0.002"/>
  <testcase classname="com.testng.suits.Sample3" name="TC_6" time="0.001"/>
</testsuite> <!-- Test -->
